<?xml version="1.0" encoding="UTF-8"?>
<testng-results ignored="0" total="1" passed="1" failed="0" skipped="0">
  <reporter-output>
  </reporter-output>
  <suite started-at="2023-06-07T17:52:04 IST" name="Default suite" finished-at="2023-06-07T17:52:47 IST" duration-ms="42715">
    <groups>
      <group name="cucumber">
        <method signature="AbstractTestNGCucumberTests.runScenario(io.cucumber.testng.PickleWrapper,io.cucumber.testng.FeatureWrapper)[pri:0, instance:testrunner.Ex_04_Excel_TestRunner@298a5e20]" name="runScenario" class="io.cucumber.testng.AbstractTestNGCucumberTests"/>
      </group> <!-- cucumber -->
    </groups>
    <test started-at="2023-06-07T17:52:04 IST" name="Default test" finished-at="2023-06-07T17:52:47 IST" duration-ms="42715">
      <class name="testrunner.Ex_04_Excel_TestRunner">
        <test-method is-config="true" signature="setUpClass(org.testng.ITestContext)[pri:0, instance:testrunner.Ex_04_Excel_TestRunner@298a5e20]" started-at="2023-06-07T17:52:04 IST" name="setUpClass" finished-at="2023-06-07T17:52:05 IST" duration-ms="522" status="PASS">
          <params>
            <param index="0">
              <value>
                <![CDATA[org.testng.TestRunner@314b7945]]>
              </value>
            </param>
          </params>
          <reporter-output>
          </reporter-output>
        </test-method> <!-- setUpClass -->
        <test-method signature="runScenario(io.cucumber.testng.PickleWrapper,io.cucumber.testng.FeatureWrapper)[pri:0, instance:testrunner.Ex_04_Excel_TestRunner@298a5e20]" started-at="2023-06-07T17:52:05 IST" name="runScenario" description="Runs Cucumber Scenarios" data-provider="scenarios" finished-at="2023-06-07T17:52:47 IST" duration-ms="42102" status="PASS">
          <params>
            <param index="0">
              <value>
                <![CDATA["Validate the Search box with valid data"]]>
              </value>
            </param>
            <param index="1">
              <value>
                <![CDATA["Unknown"]]>
              </value>
            </param>
          </params>
          <reporter-output>
          </reporter-output>
        </test-method> <!-- runScenario -->
        <test-method is-config="true" signature="tearDownClass()[pri:0, instance:testrunner.Ex_04_Excel_TestRunner@298a5e20]" started-at="2023-06-07T17:52:47 IST" name="tearDownClass" finished-at="2023-06-07T17:52:47 IST" duration-ms="64" status="PASS">
          <reporter-output>
          </reporter-output>
        </test-method> <!-- tearDownClass -->
      </class> <!-- testrunner.Ex_04_Excel_TestRunner -->
    </test> <!-- Default test -->
  </suite> <!-- Default suite -->
</testng-results>
