<?xml version="1.0" encoding="UTF-8"?>
<testng-results ignored="0" total="9" passed="9" failed="0" skipped="0">
  <reporter-output>
  </reporter-output>
  <suite started-at="2023-06-08T11:46:26 IST" name="Suite" finished-at="2023-06-08T11:49:33 IST" duration-ms="186801">
    <groups>
      <group name="cucumber">
        <method signature="AbstractTestNGCucumberTests.runScenario(io.cucumber.testng.PickleWrapper,io.cucumber.testng.FeatureWrapper)[pri:0, instance:testrunner.Ex_01_Blog_TestRunner@46cdf8bd]" name="runScenario" class="io.cucumber.testng.AbstractTestNGCucumberTests"/>
        <method signature="AbstractTestNGCucumberTests.runScenario(io.cucumber.testng.PickleWrapper,io.cucumber.testng.FeatureWrapper)[pri:0, instance:testrunner.Ex_02_Blog_TestRunner@6d4d66d2]" name="runScenario" class="io.cucumber.testng.AbstractTestNGCucumberTests"/>
        <method signature="AbstractTestNGCucumberTests.runScenario(io.cucumber.testng.PickleWrapper,io.cucumber.testng.FeatureWrapper)[pri:0, instance:testrunner.Excel_TestRunner@2a265ea9]" name="runScenario" class="io.cucumber.testng.AbstractTestNGCucumberTests"/>
      </group> <!-- cucumber -->
    </groups>
    <test started-at="2023-06-08T11:46:26 IST" name="Test" finished-at="2023-06-08T11:49:33 IST" duration-ms="186801">
      <class name="testrunner.Ex_02_Blog_TestRunner">
        <test-method is-config="true" signature="setUpClass(org.testng.ITestContext)[pri:0, instance:testrunner.Ex_02_Blog_TestRunner@6d4d66d2]" started-at="2023-06-08T11:48:42 IST" name="setUpClass" finished-at="2023-06-08T11:48:42 IST" duration-ms="20" status="PASS">
          <params>
            <param index="0">
              <value>
                <![CDATA[org.testng.TestRunner@515c732d]]>
              </value>
            </param>
          </params>
          <reporter-output>
          </reporter-output>
        </test-method> <!-- setUpClass -->
        <test-method signature="runScenario(io.cucumber.testng.PickleWrapper,io.cucumber.testng.FeatureWrapper)[pri:0, instance:testrunner.Ex_02_Blog_TestRunner@6d4d66d2]" started-at="2023-06-08T11:48:42 IST" name="runScenario" description="Runs Cucumber Scenarios" data-provider="scenarios" finished-at="2023-06-08T11:48:49 IST" duration-ms="7101" status="PASS">
          <params>
            <param index="0">
              <value>
                <![CDATA["Validate the Search box with valid data"]]>
              </value>
            </param>
            <param index="1">
              <value>
                <![CDATA["Blog"]]>
              </value>
            </param>
          </params>
          <reporter-output>
          </reporter-output>
        </test-method> <!-- runScenario -->
        <test-method signature="runScenario(io.cucumber.testng.PickleWrapper,io.cucumber.testng.FeatureWrapper)[pri:0, instance:testrunner.Ex_02_Blog_TestRunner@6d4d66d2]" started-at="2023-06-08T11:48:49 IST" name="runScenario" description="Runs Cucumber Scenarios" data-provider="scenarios" finished-at="2023-06-08T11:48:55 IST" duration-ms="6253" status="PASS">
          <params>
            <param index="0">
              <value>
                <![CDATA["Validate the Search box with valid data"]]>
              </value>
            </param>
            <param index="1">
              <value>
                <![CDATA["Blog"]]>
              </value>
            </param>
          </params>
          <reporter-output>
          </reporter-output>
        </test-method> <!-- runScenario -->
        <test-method signature="runScenario(io.cucumber.testng.PickleWrapper,io.cucumber.testng.FeatureWrapper)[pri:0, instance:testrunner.Ex_02_Blog_TestRunner@6d4d66d2]" started-at="2023-06-08T11:48:55 IST" name="runScenario" description="Runs Cucumber Scenarios" data-provider="scenarios" finished-at="2023-06-08T11:49:08 IST" duration-ms="12416" status="PASS">
          <params>
            <param index="0">
              <value>
                <![CDATA["Validate the Search box with invalid data"]]>
              </value>
            </param>
            <param index="1">
              <value>
                <![CDATA["Blog"]]>
              </value>
            </param>
          </params>
          <reporter-output>
          </reporter-output>
        </test-method> <!-- runScenario -->
        <test-method is-config="true" signature="tearDownClass()[pri:0, instance:testrunner.Ex_02_Blog_TestRunner@6d4d66d2]" started-at="2023-06-08T11:49:08 IST" name="tearDownClass" finished-at="2023-06-08T11:49:08 IST" duration-ms="23" status="PASS">
          <reporter-output>
          </reporter-output>
        </test-method> <!-- tearDownClass -->
      </class> <!-- testrunner.Ex_02_Blog_TestRunner -->
      <class name="testrunner.Excel_TestRunner">
        <test-method is-config="true" signature="setUpClass(org.testng.ITestContext)[pri:0, instance:testrunner.Excel_TestRunner@2a265ea9]" started-at="2023-06-08T11:49:08 IST" name="setUpClass" finished-at="2023-06-08T11:49:08 IST" duration-ms="14" status="PASS">
          <params>
            <param index="0">
              <value>
                <![CDATA[org.testng.TestRunner@515c732d]]>
              </value>
            </param>
          </params>
          <reporter-output>
          </reporter-output>
        </test-method> <!-- setUpClass -->
        <test-method signature="runScenario(io.cucumber.testng.PickleWrapper,io.cucumber.testng.FeatureWrapper)[pri:0, instance:testrunner.Excel_TestRunner@2a265ea9]" started-at="2023-06-08T11:49:08 IST" name="runScenario" description="Runs Cucumber Scenarios" data-provider="scenarios" finished-at="2023-06-08T11:49:32 IST" duration-ms="24898" status="PASS">
          <params>
            <param index="0">
              <value>
                <![CDATA["Validate the Search box with valid data"]]>
              </value>
            </param>
            <param index="1">
              <value>
                <![CDATA["Unknown"]]>
              </value>
            </param>
          </params>
          <reporter-output>
          </reporter-output>
        </test-method> <!-- runScenario -->
        <test-method is-config="true" signature="tearDownClass()[pri:0, instance:testrunner.Excel_TestRunner@2a265ea9]" started-at="2023-06-08T11:49:32 IST" name="tearDownClass" finished-at="2023-06-08T11:49:33 IST" duration-ms="24" status="PASS">
          <reporter-output>
          </reporter-output>
        </test-method> <!-- tearDownClass -->
      </class> <!-- testrunner.Excel_TestRunner -->
      <class name="testrunner.Ex_01_Blog_TestRunner">
        <test-method is-config="true" signature="setUpClass(org.testng.ITestContext)[pri:0, instance:testrunner.Ex_01_Blog_TestRunner@46cdf8bd]" started-at="2023-06-08T11:46:26 IST" name="setUpClass" finished-at="2023-06-08T11:46:26 IST" duration-ms="509" status="PASS">
          <params>
            <param index="0">
              <value>
                <![CDATA[org.testng.TestRunner@515c732d]]>
              </value>
            </param>
          </params>
          <reporter-output>
          </reporter-output>
        </test-method> <!-- setUpClass -->
        <test-method signature="runScenario(io.cucumber.testng.PickleWrapper,io.cucumber.testng.FeatureWrapper)[pri:0, instance:testrunner.Ex_01_Blog_TestRunner@46cdf8bd]" started-at="2023-06-08T11:46:26 IST" name="runScenario" description="Runs Cucumber Scenarios" data-provider="scenarios" finished-at="2023-06-08T11:46:50 IST" duration-ms="23881" status="PASS">
          <params>
            <param index="0">
              <value>
                <![CDATA["Validate user navigate on to blog"]]>
              </value>
            </param>
            <param index="1">
              <value>
                <![CDATA["Blog"]]>
              </value>
            </param>
          </params>
          <reporter-output>
          </reporter-output>
        </test-method> <!-- runScenario -->
        <test-method signature="runScenario(io.cucumber.testng.PickleWrapper,io.cucumber.testng.FeatureWrapper)[pri:0, instance:testrunner.Ex_01_Blog_TestRunner@46cdf8bd]" started-at="2023-06-08T11:46:50 IST" name="runScenario" description="Runs Cucumber Scenarios" data-provider="scenarios" finished-at="2023-06-08T11:47:14 IST" duration-ms="23501" status="PASS">
          <params>
            <param index="0">
              <value>
                <![CDATA["Validate blog page UI"]]>
              </value>
            </param>
            <param index="1">
              <value>
                <![CDATA["Blog"]]>
              </value>
            </param>
          </params>
          <reporter-output>
          </reporter-output>
        </test-method> <!-- runScenario -->
        <test-method signature="runScenario(io.cucumber.testng.PickleWrapper,io.cucumber.testng.FeatureWrapper)[pri:0, instance:testrunner.Ex_01_Blog_TestRunner@46cdf8bd]" started-at="2023-06-08T11:47:14 IST" name="runScenario" description="Runs Cucumber Scenarios" data-provider="scenarios" finished-at="2023-06-08T11:47:52 IST" duration-ms="38234" status="PASS">
          <params>
            <param index="0">
              <value>
                <![CDATA["Validate continue reading field"]]>
              </value>
            </param>
            <param index="1">
              <value>
                <![CDATA["Blog"]]>
              </value>
            </param>
          </params>
          <reporter-output>
          </reporter-output>
        </test-method> <!-- runScenario -->
        <test-method signature="runScenario(io.cucumber.testng.PickleWrapper,io.cucumber.testng.FeatureWrapper)[pri:0, instance:testrunner.Ex_01_Blog_TestRunner@46cdf8bd]" started-at="2023-06-08T11:47:52 IST" name="runScenario" description="Runs Cucumber Scenarios" data-provider="scenarios" finished-at="2023-06-08T11:48:18 IST" duration-ms="25643" status="PASS">
          <params>
            <param index="0">
              <value>
                <![CDATA["Validate the image"]]>
              </value>
            </param>
            <param index="1">
              <value>
                <![CDATA["Blog"]]>
              </value>
            </param>
          </params>
          <reporter-output>
          </reporter-output>
        </test-method> <!-- runScenario -->
        <test-method signature="runScenario(io.cucumber.testng.PickleWrapper,io.cucumber.testng.FeatureWrapper)[pri:0, instance:testrunner.Ex_01_Blog_TestRunner@46cdf8bd]" started-at="2023-06-08T11:48:18 IST" name="runScenario" description="Runs Cucumber Scenarios" data-provider="scenarios" finished-at="2023-06-08T11:48:42 IST" duration-ms="24177" status="PASS">
          <params>
            <param index="0">
              <value>
                <![CDATA["Validate the Dropdown List"]]>
              </value>
            </param>
            <param index="1">
              <value>
                <![CDATA["Blog"]]>
              </value>
            </param>
          </params>
          <reporter-output>
          </reporter-output>
        </test-method> <!-- runScenario -->
        <test-method is-config="true" signature="tearDownClass()[pri:0, instance:testrunner.Ex_01_Blog_TestRunner@46cdf8bd]" started-at="2023-06-08T11:48:42 IST" name="tearDownClass" finished-at="2023-06-08T11:48:42 IST" duration-ms="74" status="PASS">
          <reporter-output>
          </reporter-output>
        </test-method> <!-- tearDownClass -->
      </class> <!-- testrunner.Ex_01_Blog_TestRunner -->
    </test> <!-- Test -->
  </suite> <!-- Suite -->
</testng-results>
